<?xml version="1.0"?><coverage lines-covered="706" lines-valid="2542" line-rate="0.27773406766325726" branches-covered="0" branches-valid="0" branch-rate="0" complexity="0" version="1.9" timestamp="1702562224"><sources><source>/Users/I568891/projects/P_Cmax_solver</source></sources><packages><package name="src" line-rate="0.27773406766325726" branch-rate="0" complexity="0"><classes><class name="main" filename="src/main.rs" line-rate="0" branch-rate="0" complexity="0"><methods/><lines><line number="25" hits="0"/><line number="27" hits="0"/><line number="28" hits="0"/><line number="29" hits="0"/><line number="31" hits="0"/><line number="32" hits="0"/><line number="33" hits="0"/><line number="35" hits="0"/><line number="37" hits="0"/><line number="40" hits="0"/><line number="41" hits="0"/><line number="42" hits="0"/><line number="43" hits="0"/><line number="44" hits="0"/><line number="45" hits="0"/><line number="46" hits="0"/><line number="47" hits="0"/><line number="48" hits="0"/><line number="49" hits="0"/><line number="50" hits="0"/><line number="51" hits="0"/><line number="52" hits="0"/><line number="55" hits="0"/><line number="57" hits="0"/><line number="58" hits="0"/><line number="59" hits="0"/><line number="60" hits="0"/><line number="61" hits="0"/><line number="63" hits="0"/><line number="64" hits="0"/><line number="65" hits="0"/><line number="67" hits="0"/><line number="70" hits="0"/><line number="71" hits="0"/><line number="73" hits="0"/><line number="76" hits="0"/><line number="81" hits="0"/><line number="82" hits="0"/><line number="84" hits="0"/><line number="85" hits="0"/><line number="89" hits="0"/><line number="90" hits="0"/><line number="92" hits="0"/><line number="93" hits="0"/><line number="94" hits="0"/><line number="96" hits="0"/><line number="97" hits="0"/><line number="98" hits="0"/><line number="99" hits="0"/><line number="100" hits="0"/><line number="101" hits="0"/><line number="102" hits="0"/><line number="103" hits="0"/><line number="104" hits="0"/><line number="105" hits="0"/><line number="106" hits="0"/><line number="107" hits="0"/><line number="108" hits="0"/><line number="109" hits="0"/><line number="110" hits="0"/><line number="111" hits="0"/><line number="112" hits="0"/><line number="113" hits="0"/><line number="114" hits="0"/><line number="115" hits="0"/><line number="116" hits="0"/><line number="117" hits="0"/><line number="119" hits="0"/><line number="122" hits="0"/><line number="124" hits="0"/><line number="125" hits="0"/><line number="126" hits="0"/><line number="127" hits="0"/><line number="128" hits="0"/><line number="131" hits="0"/><line number="132" hits="0"/><line number="134" hits="0"/><line number="135" hits="0"/><line number="136" hits="0"/><line number="140" hits="0"/><line number="141" hits="0"/><line number="142" hits="0"/><line number="145" hits="0"/><line number="146" hits="0"/><line number="148" hits="0"/><line number="149" hits="0"/></lines></class></classes></package><package name="src/solvers" line-rate="0.24404761904761904" branch-rate="0" complexity="0"><classes><class name="solver" filename="src/solvers/solver.rs" line-rate="0.76" branch-rate="0" complexity="0"><methods/><lines><line number="25" hits="0"/><line number="26" hits="0"/><line number="27" hits="0"/><line number="28" hits="0"/><line number="29" hits="0"/><line number="32" hits="3009"/><line number="33" hits="3009"/><line number="34" hits="3009"/><line number="35" hits="3009"/><line number="36" hits="3009"/><line number="40" hits="2778"/><line number="41" hits="2778"/><line number="42" hits="2778"/><line number="43" hits="2778"/><line number="44" hits="2778"/><line number="48" hits="604"/><line number="49" hits="604"/><line number="50" hits="0"/><line number="53" hits="604"/><line number="56" hits="5787"/><line number="57" hits="5787"/><line number="60" hits="2778"/><line number="61" hits="2778"/><line number="64" hits="2778"/><line number="65" hits="5556"/></lines></class></classes></package><package name="src/_failed_ideas/feasability_checking" line-rate="0" branch-rate="0" complexity="0"><classes></classes></package><package name="src/bounds/lower_bounds" line-rate="0" branch-rate="0" complexity="0"><classes><class name="fs" filename="src/bounds/lower_bounds/fs.rs" line-rate="0" branch-rate="0" complexity="0"><methods/><lines><line number="10" hits="0"/><line number="11" hits="0"/><line number="13" hits="0"/><line number="15" hits="0"/><line number="16" hits="0"/><line number="17" hits="0"/><line number="18" hits="0"/><line number="20" hits="0"/><line number="25" hits="0"/><line number="27" hits="0"/><line number="28" hits="0"/><line number="30" hits="0"/><line number="31" hits="0"/><line number="32" hits="0"/><line number="34" hits="0"/><line number="35" hits="0"/><line number="36" hits="0"/><line number="38" hits="0"/><line number="40" hits="0"/><line number="41" hits="0"/><line number="42" hits="0"/><line number="43" hits="0"/><line number="45" hits="0"/><line number="46" hits="0"/><line number="49" hits="0"/><line number="50" hits="0"/><line number="52" hits="0"/><line number="53" hits="0"/><line number="54" hits="0"/><line number="56" hits="0"/><line number="57" hits="0"/><line number="61" hits="0"/><line number="62" hits="0"/><line number="64" hits="0"/><line number="65" hits="0"/><line number="69" hits="0"/><line number="71" hits="0"/><line number="74" hits="0"/><line number="75" hits="0"/><line number="76" hits="0"/><line number="77" hits="0"/><line number="78" hits="0"/><line number="81" hits="0"/><line number="85" hits="0"/><line number="92" hits="0"/><line number="94" hits="0"/><line number="95" hits="0"/><line number="97" hits="0"/><line number="100" hits="0"/><line number="101" hits="0"/><line number="102" hits="0"/><line number="105" hits="0"/></lines></class><class name="lifting" filename="src/bounds/lower_bounds/lifting.rs" line-rate="0" branch-rate="0" complexity="0"><methods/><lines><line number="25" hits="0"/><line number="26" hits="0"/><line number="29" hits="0"/><line number="30" hits="0"/><line number="31" hits="0"/><line number="35" hits="0"/><line number="41" hits="0"/><line number="42" hits="0"/><line number="43" hits="0"/><line number="44" hits="0"/><line number="45" hits="0"/><line number="46" hits="0"/><line number="47" hits="0"/><line number="48" hits="0"/><line number="49" hits="0"/><line number="50" hits="0"/><line number="53" hits="0"/><line number="54" hits="0"/><line number="55" hits="0"/><line number="56" hits="0"/><line number="58" hits="0"/><line number="59" hits="0"/><line number="60" hits="0"/><line number="62" hits="0"/><line number="63" hits="0"/><line number="64" hits="0"/><line number="66" hits="0"/><line number="70" hits="0"/><line number="71" hits="0"/><line number="73" hits="0"/><line number="74" hits="0"/><line number="76" hits="0"/><line number="79" hits="0"/><line number="83" hits="0"/><line number="84" hits="0"/><line number="85" hits="0"/><line number="88" hits="0"/><line number="89" hits="0"/><line number="90" hits="0"/><line number="91" hits="0"/><line number="92" hits="0"/><line number="95" hits="0"/><line number="96" hits="0"/><line number="97" hits="0"/><line number="98" hits="0"/><line number="99" hits="0"/><line number="100" hits="0"/><line number="102" hits="0"/><line number="103" hits="0"/><line number="104" hits="0"/><line number="105" hits="0"/><line number="106" hits="0"/><line number="109" hits="0"/><line number="113" hits="0"/><line number="120" hits="0"/><line number="122" hits="0"/><line number="124" hits="0"/><line number="125" hits="0"/><line number="126" hits="0"/><line number="127" hits="0"/><line number="128" hits="0"/><line number="129" hits="0"/><line number="130" hits="0"/><line number="133" hits="0"/><line number="134" hits="0"/><line number="136" hits="0"/><line number="137" hits="0"/><line number="139" hits="0"/><line number="141" hits="0"/><line number="143" hits="0"/><line number="146" hits="0"/><line number="147" hits="0"/><line number="150" hits="0"/><line number="151" hits="0"/><line number="154" hits="0"/><line number="156" hits="0"/><line number="157" hits="0"/><line number="158" hits="0"/><line number="162" hits="0"/><line number="163" hits="0"/><line number="164" hits="0"/><line number="165" hits="0"/><line number="168" hits="0"/><line number="169" hits="0"/><line number="170" hits="0"/><line number="171" hits="0"/><line number="173" hits="0"/><line number="175" hits="0"/><line number="177" hits="0"/><line number="178" hits="0"/><line number="179" hits="0"/><line number="180" hits="0"/><line number="181" hits="0"/><line number="182" hits="0"/><line number="186" hits="0"/><line number="187" hits="0"/><line number="188" hits="0"/><line number="190" hits="0"/><line number="192" hits="0"/><line number="193" hits="0"/><line number="197" hits="0"/></lines></class><class name="max_job_size" filename="src/bounds/lower_bounds/max_job_size.rs" line-rate="0" branch-rate="0" complexity="0"><methods/><lines><line number="6" hits="0"/><line number="13" hits="0"/><line number="14" hits="0"/></lines></class><class name="middle" filename="src/bounds/lower_bounds/middle.rs" line-rate="0" branch-rate="0" complexity="0"><methods/><lines><line number="6" hits="0"/><line number="13" hits="0"/><line number="14" hits="0"/><line number="16" hits="0"/><line number="17" hits="0"/><line number="18" hits="0"/></lines></class><class name="pigeon_hole" filename="src/bounds/lower_bounds/pigeon_hole.rs" line-rate="0" branch-rate="0" complexity="0"><methods/><lines><line number="6" hits="0"/><line number="13" hits="0"/><line number="14" hits="0"/><line number="15" hits="0"/><line number="16" hits="0"/><line number="18" hits="0"/></lines></class><class name="sss_bound_tightening" filename="src/bounds/lower_bounds/sss_bound_tightening.rs" line-rate="0" branch-rate="0" complexity="0"><methods/><lines><line number="10" hits="0"/><line number="17" hits="0"/><line number="18" hits="0"/><line number="19" hits="0"/><line number="21" hits="0"/><line number="22" hits="0"/><line number="23" hits="0"/><line number="24" hits="0"/><line number="29" hits="0"/><line number="30" hits="0"/><line number="31" hits="0"/><line number="34" hits="0"/></lines></class></classes></package><package name="" line-rate="0.27773406766325726" branch-rate="0" complexity="0"><classes></classes></package><package name="src/_failed_ideas/randomized_checkers/tests" line-rate="0" branch-rate="0" complexity="0"><classes></classes></package><package name="src/bdd" line-rate="0.4855305466237942" branch-rate="0" complexity="0"><classes><class name="bdd" filename="src/bdd/bdd.rs" line-rate="0.41007194244604317" branch-rate="0" complexity="0"><methods/><lines><line number="22" hits="30"/><line number="31" hits="60"/><line number="32" hits="30"/><line number="33" hits="60"/><line number="34" hits="30"/><line number="35" hits="30"/><line number="36" hits="30"/><line number="39" hits="440"/><line number="40" hits="410"/><line number="41" hits="410"/><line number="42" hits="194110"/><line number="43" hits="371408"/><line number="44" hits="104221"/><line number="46" hits="149962"/><line number="49" hits="410"/><line number="50" hits="0"/><line number="58" hits="30"/><line number="66" hits="30"/><line number="74" hits="30"/><line number="77" hits="30"/><line number="78" hits="30"/><line number="81" hits="30"/><line number="82" hits="470"/><line number="83" hits="440"/><line number="84" hits="440"/><line number="87" hits="195131"/><line number="88" hits="194691"/><line number="89" hits="44669"/><line number="91" hits="164813"/><line number="92" hits="14791"/><line number="95" hits="135231"/><line number="97" hits="135231"/><line number="98" hits="135231"/><line number="103" hits="135231"/><line number="104" hits="135231"/><line number="106" hits="135231"/><line number="107" hits="117938"/><line number="108" hits="117938"/><line number="112" hits="17293"/><line number="113" hits="9870"/><line number="114" hits="8089"/><line number="115" hits="8089"/><line number="117" hits="9204"/><line number="118" hits="9204"/><line number="119" hits="9204"/><line number="121" hits="8089"/><line number="122" hits="8089"/><line number="123" hits="8089"/><line number="127" hits="440"/><line number="128" hits="0"/><line number="132" hits="30"/><line number="133" hits="30"/><line number="134" hits="30"/><line number="135" hits="30"/><line number="136" hits="30"/><line number="137" hits="30"/><line number="138" hits="30"/><line number="144" hits="30"/><line number="145" hits="30"/><line number="148" hits="0"/><line number="149" hits="0"/><line number="150" hits="0"/><line number="151" hits="0"/><line number="154" hits="0"/><line number="157" hits="0"/><line number="158" hits="0"/><line number="161" hits="0"/><line number="162" hits="0"/><line number="164" hits="0"/><line number="165" hits="0"/><line number="167" hits="0"/><line number="168" hits="0"/><line number="171" hits="0"/><line number="173" hits="0"/><line number="174" hits="0"/><line number="176" hits="0"/><line number="177" hits="0"/><line number="178" hits="0"/><line number="183" hits="0"/><line number="184" hits="0"/><line number="185" hits="0"/><line number="186" hits="0"/><line number="187" hits="0"/><line number="192" hits="0"/><line number="195" hits="0"/><line number="196" hits="0"/><line number="199" hits="0"/><line number="200" hits="0"/><line number="202" hits="0"/><line number="203" hits="0"/><line number="205" hits="0"/><line number="206" hits="0"/><line number="209" hits="0"/><line number="211" hits="0"/><line number="212" hits="0"/><line number="213" hits="0"/><line number="214" hits="0"/><line number="215" hits="0"/><line number="219" hits="0"/><line number="221" hits="0"/><line number="222" hits="0"/><line number="223" hits="0"/><line number="225" hits="0"/><line number="228" hits="0"/><line number="230" hits="0"/><line number="234" hits="0"/><line number="235" hits="0"/><line number="236" hits="0"/><line number="237" hits="0"/><line number="238" hits="0"/><line number="242" hits="0"/><line number="245" hits="0"/><line number="247" hits="0"/><line number="248" hits="0"/><line number="250" hits="0"/><line number="251" hits="0"/><line number="252" hits="0"/><line number="253" hits="0"/><line number="254" hits="0"/><line number="256" hits="0"/><line number="259" hits="0"/><line number="260" hits="0"/><line number="261" hits="0"/><line number="262" hits="0"/><line number="264" hits="0"/><line number="266" hits="0"/><line number="268" hits="0"/><line number="274" hits="0"/><line number="275" hits="0"/><line number="276" hits="0"/><line number="277" hits="0"/><line number="279" hits="0"/><line number="280" hits="0"/><line number="283" hits="0"/><line number="284" hits="0"/><line number="285" hits="0"/><line number="286" hits="0"/><line number="287" hits="0"/><line number="291" hits="0"/></lines></class><class name="bdd_dyn" filename="src/bdd/bdd_dyn.rs" line-rate="0.5465116279069767" branch-rate="0" complexity="0"><methods/><lines><line number="36" hits="1229339"/><line number="37" hits="1229339"/><line number="38" hits="1229339"/><line number="39" hits="0"/><line number="42" hits="1229339"/><line number="43" hits="1229339"/><line number="46" hits="59"/><line number="47" hits="59"/><line number="48" hits="59"/><line number="49" hits="59"/><line number="50" hits="59"/><line number="51" hits="59"/><line number="52" hits="59"/><line number="54" hits="59"/><line number="55" hits="1770"/><line number="56" hits="1711"/><line number="57" hits="1711"/><line number="58" hits="1711"/><line number="59" hits="1711"/><line number="60" hits="2997210"/><line number="61" hits="5990998"/><line number="62" hits="85342"/><line number="64" hits="2910157"/><line number="66" hits="5990998"/><line number="67" hits="1711"/><line number="69" hits="2993788"/><line number="71" hits="2995499"/><line number="72" hits="6051892"/><line number="73" hits="1315148"/><line number="74" hits="1315148"/><line number="75" hits="1315148"/><line number="77" hits="2995499"/><line number="78" hits="2995499"/><line number="82" hits="59"/><line number="84" hits="3599"/><line number="85" hits="1770"/><line number="88" hits="59"/><line number="98" hits="59"/><line number="101" hits="0"/><line number="102" hits="0"/><line number="107" hits="59"/><line number="117" hits="59"/><line number="118" hits="59"/><line number="119" hits="118"/><line number="120" hits="59"/><line number="121" hits="59"/><line number="122" hits="59"/><line number="125" hits="1770"/><line number="126" hits="1711"/><line number="127" hits="1711"/><line number="128" hits="1418833"/><line number="129" hits="2772862"/><line number="130" hits="335686"/><line number="132" hits="1290186"/><line number="135" hits="1711"/><line number="136" hits="0"/><line number="144" hits="59"/><line number="152" hits="59"/><line number="161" hits="59"/><line number="165" hits="59"/><line number="166" hits="59"/><line number="169" hits="59"/><line number="170" hits="1829"/><line number="171" hits="1770"/><line number="172" hits="1770"/><line number="175" hits="1421348"/><line number="176" hits="1419578"/><line number="177" hits="129274"/><line number="179" hits="1351328"/><line number="180" hits="61024"/><line number="183" hits="1229280"/><line number="185" hits="1229280"/><line number="186" hits="1229280"/><line number="192" hits="1229280"/><line number="193" hits="1229280"/><line number="194" hits="1229280"/><line number="198" hits="1229280"/><line number="199" hits="955354"/><line number="200" hits="955354"/><line number="204" hits="273926"/><line number="205" hits="63428"/><line number="206" hits="45735"/><line number="208" hits="228191"/><line number="209" hits="228191"/><line number="210" hits="228191"/><line number="212" hits="45735"/><line number="213" hits="45735"/><line number="214" hits="45735"/><line number="219" hits="1770"/><line number="220" hits="0"/><line number="224" hits="59"/><line number="225" hits="59"/><line number="226" hits="59"/><line number="227" hits="59"/><line number="228" hits="59"/><line number="229" hits="59"/><line number="230" hits="59"/><line number="231" hits="59"/><line number="234" hits="59"/><line number="237" hits="0"/><line number="238" hits="0"/><line number="239" hits="0"/><line number="240" hits="0"/><line number="245" hits="0"/><line number="246" hits="0"/><line number="249" hits="0"/><line number="250" hits="0"/><line number="252" hits="0"/><line number="253" hits="0"/><line number="255" hits="0"/><line number="256" hits="0"/><line number="259" hits="0"/><line number="261" hits="0"/><line number="262" hits="0"/><line number="264" hits="0"/><line number="265" hits="0"/><line number="266" hits="0"/><line number="271" hits="0"/><line number="272" hits="0"/><line number="273" hits="0"/><line number="274" hits="0"/><line number="275" hits="0"/><line number="280" hits="0"/><line number="283" hits="0"/><line number="285" hits="0"/><line number="286" hits="0"/><line number="288" hits="0"/><line number="289" hits="0"/><line number="290" hits="0"/><line number="291" hits="0"/><line number="293" hits="0"/><line number="296" hits="0"/><line number="297" hits="0"/><line number="298" hits="0"/><line number="300" hits="0"/><line number="301" hits="0"/><line number="303" hits="0"/><line number="307" hits="0"/><line number="308" hits="0"/><line number="309" hits="0"/><line number="310" hits="0"/><line number="312" hits="0"/><line number="313" hits="0"/><line number="316" hits="0"/><line number="317" hits="0"/><line number="318" hits="0"/><line number="319" hits="0"/><line number="320" hits="0"/><line number="324" hits="0"/><line number="327" hits="0"/><line number="332" hits="0"/><line number="333" hits="0"/><line number="334" hits="0"/><line number="335" hits="0"/><line number="337" hits="0"/><line number="341" hits="0"/><line number="343" hits="0"/><line number="344" hits="0"/><line number="345" hits="0"/><line number="346" hits="0"/><line number="348" hits="0"/><line number="350" hits="0"/><line number="351" hits="0"/><line number="352" hits="0"/><line number="353" hits="0"/><line number="355" hits="0"/><line number="356" hits="0"/><line number="358" hits="0"/><line number="359" hits="0"/><line number="361" hits="0"/><line number="363" hits="0"/><line number="368" hits="0"/></lines></class></classes></package><package name="src/_failed_ideas/randomized_checkers" line-rate="0" branch-rate="0" complexity="0"><classes></classes></package><package name="src/bounds" line-rate="0" branch-rate="0" complexity="0"><classes></classes></package><package name="src/encoding/tests" line-rate="0" branch-rate="0" complexity="0"><classes></classes></package><package name="src/makespan_scheduling" line-rate="0" branch-rate="0" complexity="0"><classes><class name="linear_makespan" filename="src/makespan_scheduling/linear_makespan.rs" line-rate="0" branch-rate="0" complexity="0"><methods/><lines><line number="6" hits="0"/><line number="13" hits="0"/></lines></class></classes></package><package name="src/bounds/upper_bounds" line-rate="0" branch-rate="0" complexity="0"><classes><class name="lpt" filename="src/bounds/upper_bounds/lpt.rs" line-rate="0" branch-rate="0" complexity="0"><methods/><lines><line number="11" hits="0"/><line number="12" hits="0"/><line number="13" hits="0"/><line number="17" hits="0"/><line number="24" hits="0"/><line number="25" hits="0"/><line number="27" hits="0"/><line number="28" hits="0"/><line number="29" hits="0"/><line number="30" hits="0"/><line number="33" hits="0"/><line number="35" hits="0"/><line number="36" hits="0"/><line number="38" hits="0"/><line number="39" hits="0"/><line number="40" hits="0"/><line number="41" hits="0"/><line number="42" hits="0"/><line number="43" hits="0"/><line number="47" hits="0"/></lines></class><class name="lptp" filename="src/bounds/upper_bounds/lptp.rs" line-rate="0" branch-rate="0" complexity="0"><methods/><lines><line number="9" hits="0"/><line number="10" hits="0"/><line number="11" hits="0"/><line number="12" hits="0"/><line number="14" hits="0"/><line number="15" hits="0"/><line number="16" hits="0"/><line number="18" hits="0"/><line number="21" hits="0"/><line number="22" hits="0"/><line number="24" hits="0"/><line number="25" hits="0"/><line number="26" hits="0"/><line number="28" hits="0"/><line number="29" hits="0"/><line number="32" hits="0"/><line number="33" hits="0"/><line number="36" hits="0"/><line number="38" hits="0"/><line number="39" hits="0"/><line number="40" hits="0"/><line number="41" hits="0"/><line number="42" hits="0"/><line number="43" hits="0"/><line number="47" hits="0"/><line number="49" hits="0"/><line number="50" hits="0"/><line number="51" hits="0"/><line number="56" hits="0"/><line number="63" hits="0"/><line number="64" hits="0"/><line number="67" hits="0"/><line number="68" hits="0"/><line number="71" hits="0"/><line number="72" hits="0"/><line number="73" hits="0"/><line number="76" hits="0"/></lines></class><class name="lptpp" filename="src/bounds/upper_bounds/lptpp.rs" line-rate="0" branch-rate="0" complexity="0"><methods/><lines><line number="9" hits="0"/><line number="10" hits="0"/><line number="12" hits="0"/><line number="13" hits="0"/><line number="14" hits="0"/><line number="16" hits="0"/><line number="17" hits="0"/><line number="18" hits="0"/><line number="19" hits="0"/><line number="23" hits="0"/><line number="24" hits="0"/><line number="28" hits="0"/><line number="30" hits="0"/><line number="31" hits="0"/><line number="32" hits="0"/><line number="35" hits="0"/><line number="36" hits="0"/><line number="37" hits="0"/><line number="38" hits="0"/><line number="39" hits="0"/><line number="40" hits="0"/><line number="42" hits="0"/><line number="45" hits="0"/><line number="46" hits="0"/><line number="48" hits="0"/><line number="49" hits="0"/><line number="50" hits="0"/><line number="52" hits="0"/><line number="53" hits="0"/><line number="54" hits="0"/><line number="57" hits="0"/><line number="58" hits="0"/><line number="61" hits="0"/><line number="63" hits="0"/><line number="64" hits="0"/><line number="67" hits="0"/><line number="68" hits="0"/><line number="69" hits="0"/><line number="74" hits="0"/><line number="81" hits="0"/><line number="82" hits="0"/><line number="84" hits="0"/><line number="85" hits="0"/><line number="88" hits="0"/><line number="89" hits="0"/><line number="90" hits="0"/><line number="93" hits="0"/></lines></class><class name="mss" filename="src/bounds/upper_bounds/mss.rs" line-rate="0" branch-rate="0" complexity="0"><methods/><lines><line number="14" hits="0"/><line number="15" hits="0"/><line number="18" hits="0"/><line number="19" hits="0"/><line number="20" hits="0"/><line number="25" hits="0"/><line number="26" hits="0"/><line number="28" hits="0"/><line number="29" hits="0"/><line number="30" hits="0"/><line number="32" hits="0"/><line number="33" hits="0"/><line number="34" hits="0"/><line number="35" hits="0"/><line number="39" hits="0"/><line number="40" hits="0"/><line number="44" hits="0"/><line number="46" hits="0"/><line number="47" hits="0"/><line number="48" hits="0"/><line number="51" hits="0"/><line number="52" hits="0"/><line number="53" hits="0"/><line number="54" hits="0"/><line number="55" hits="0"/><line number="56" hits="0"/><line number="58" hits="0"/><line number="62" hits="0"/><line number="72" hits="0"/><line number="73" hits="0"/><line number="74" hits="0"/><line number="76" hits="0"/><line number="79" hits="0"/><line number="80" hits="0"/><line number="81" hits="0"/><line number="83" hits="0"/><line number="85" hits="0"/><line number="88" hits="0"/><line number="89" hits="0"/><line number="90" hits="0"/><line number="92" hits="0"/><line number="94" hits="0"/><line number="96" hits="0"/><line number="98" hits="0"/><line number="99" hits="0"/><line number="101" hits="0"/><line number="102" hits="0"/><line number="103" hits="0"/><line number="104" hits="0"/><line number="105" hits="0"/><line number="107" hits="0"/><line number="108" hits="0"/><line number="109" hits="0"/><line number="111" hits="0"/><line number="112" hits="0"/><line number="116" hits="0"/><line number="117" hits="0"/><line number="118" hits="0"/><line number="119" hits="0"/><line number="124" hits="0"/><line number="131" hits="0"/><line number="132" hits="0"/><line number="134" hits="0"/><line number="135" hits="0"/><line number="136" hits="0"/><line number="138" hits="0"/><line number="139" hits="0"/><line number="141" hits="0"/><line number="142" hits="0"/><line number="143" hits="0"/><line number="146" hits="0"/><line number="147" hits="0"/><line number="149" hits="0"/><line number="150" hits="0"/><line number="152" hits="0"/><line number="153" hits="0"/><line number="154" hits="0"/><line number="155" hits="0"/><line number="156" hits="0"/><line number="158" hits="0"/><line number="159" hits="0"/><line number="160" hits="0"/><line number="161" hits="0"/><line number="162" hits="0"/><line number="164" hits="0"/><line number="167" hits="0"/><line number="168" hits="0"/><line number="169" hits="0"/><line number="170" hits="0"/><line number="171" hits="0"/><line number="172" hits="0"/><line number="173" hits="0"/><line number="174" hits="0"/><line number="175" hits="0"/><line number="176" hits="0"/><line number="178" hits="0"/><line number="197" hits="0"/><line number="198" hits="0"/><line number="199" hits="0"/><line number="202" hits="0"/><line number="203" hits="0"/><line number="205" hits="0"/><line number="207" hits="0"/><line number="208" hits="0"/><line number="211" hits="0"/><line number="212" hits="0"/><line number="213" hits="0"/><line number="214" hits="0"/><line number="215" hits="0"/><line number="217" hits="0"/><line number="218" hits="0"/><line number="219" hits="0"/><line number="221" hits="0"/><line number="224" hits="0"/><line number="225" hits="0"/><line number="226" hits="0"/><line number="227" hits="0"/><line number="229" hits="0"/><line number="230" hits="0"/><line number="232" hits="0"/><line number="237" hits="0"/><line number="238" hits="0"/><line number="242" hits="0"/><line number="244" hits="0"/><line number="245" hits="0"/><line number="246" hits="0"/><line number="247" hits="0"/><line number="250" hits="0"/><line number="256" hits="0"/><line number="257" hits="0"/><line number="258" hits="0"/><line number="259" hits="0"/><line number="260" hits="0"/></lines></class></classes></package><package name="src/encoding" line-rate="0.3667763157894737" branch-rate="0" complexity="0"><classes><class name="basic_encoder" filename="src/encoding/basic_encoder.rs" line-rate="0" branch-rate="0" complexity="0"><methods/><lines><line number="19" hits="0"/><line number="20" hits="0"/><line number="21" hits="0"/><line number="22" hits="0"/><line number="23" hits="0"/><line number="24" hits="0"/><line number="25" hits="0"/><line number="31" hits="0"/><line number="38" hits="0"/><line number="39" hits="0"/><line number="41" hits="0"/><line number="42" hits="0"/><line number="43" hits="0"/><line number="44" hits="0"/><line number="45" hits="0"/><line number="46" hits="0"/><line number="47" hits="0"/><line number="48" hits="0"/><line number="50" hits="0"/><line number="51" hits="0"/><line number="52" hits="0"/><line number="53" hits="0"/><line number="55" hits="0"/><line number="56" hits="0"/><line number="59" hits="0"/><line number="60" hits="0"/><line number="65" hits="0"/><line number="66" hits="0"/><line number="67" hits="0"/><line number="69" hits="0"/><line number="70" hits="0"/><line number="71" hits="0"/><line number="72" hits="0"/><line number="73" hits="0"/><line number="74" hits="0"/><line number="75" hits="0"/><line number="78" hits="0"/><line number="79" hits="0"/><line number="80" hits="0"/><line number="81" hits="0"/><line number="84" hits="0"/><line number="85" hits="0"/><line number="87" hits="0"/><line number="89" hits="0"/><line number="92" hits="0"/><line number="93" hits="0"/><line number="94" hits="0"/><line number="96" hits="0"/><line number="97" hits="0"/><line number="98" hits="0"/><line number="102" hits="0"/><line number="103" hits="0"/><line number="104" hits="0"/><line number="105" hits="0"/><line number="107" hits="0"/><line number="110" hits="0"/><line number="111" hits="0"/><line number="112" hits="0"/><line number="113" hits="0"/><line number="114" hits="0"/><line number="117" hits="0"/><line number="122" hits="0"/><line number="125" hits="0"/><line number="126" hits="0"/><line number="131" hits="0"/><line number="132" hits="0"/></lines></class><class name="basic_with_precedence" filename="src/encoding/basic_with_precedence.rs" line-rate="0" branch-rate="0" complexity="0"><methods/><lines><line number="25" hits="0"/><line number="26" hits="0"/><line number="27" hits="0"/><line number="28" hits="0"/><line number="30" hits="0"/><line number="31" hits="0"/><line number="33" hits="0"/><line number="34" hits="0"/><line number="35" hits="0"/><line number="37" hits="0"/><line number="43" hits="0"/><line number="50" hits="0"/><line number="51" hits="0"/><line number="52" hits="0"/><line number="53" hits="0"/><line number="54" hits="0"/><line number="56" hits="0"/><line number="57" hits="0"/><line number="58" hits="0"/><line number="60" hits="0"/><line number="61" hits="0"/><line number="64" hits="0"/><line number="65" hits="0"/><line number="66" hits="0"/><line number="67" hits="0"/><line number="68" hits="0"/><line number="69" hits="0"/><line number="70" hits="0"/><line number="71" hits="0"/><line number="72" hits="0"/><line number="73" hits="0"/><line number="75" hits="0"/><line number="76" hits="0"/><line number="77" hits="0"/><line number="78" hits="0"/><line number="79" hits="0"/><line number="80" hits="0"/><line number="81" hits="0"/><line number="84" hits="0"/><line number="85" hits="0"/><line number="87" hits="0"/><line number="89" hits="0"/><line number="90" hits="0"/><line number="91" hits="0"/><line number="92" hits="0"/><line number="96" hits="0"/><line number="97" hits="0"/><line number="101" hits="0"/><line number="102" hits="0"/><line number="105" hits="0"/><line number="106" hits="0"/><line number="107" hits="0"/><line number="108" hits="0"/><line number="109" hits="0"/><line number="112" hits="0"/><line number="117" hits="0"/><line number="120" hits="0"/><line number="121" hits="0"/><line number="126" hits="0"/><line number="127" hits="0"/></lines></class><class name="bdd_inter_comp" filename="src/encoding/bdd_inter_comp.rs" line-rate="0" branch-rate="0" complexity="0"><methods/><lines><line number="20" hits="0"/><line number="21" hits="0"/><line number="22" hits="0"/><line number="23" hits="0"/><line number="24" hits="0"/><line number="30" hits="0"/><line number="37" hits="0"/><line number="38" hits="0"/><line number="39" hits="0"/><line number="40" hits="0"/><line number="41" hits="0"/><line number="44" hits="0"/><line number="45" hits="0"/><line number="47" hits="0"/><line number="49" hits="0"/><line number="51" hits="0"/><line number="54" hits="0"/><line number="55" hits="0"/><line number="56" hits="0"/><line number="57" hits="0"/><line number="58" hits="0"/><line number="59" hits="0"/><line number="60" hits="0"/><line number="62" hits="0"/><line number="63" hits="0"/><line number="64" hits="0"/><line number="67" hits="0"/><line number="68" hits="0"/><line number="72" hits="0"/><line number="73" hits="0"/><line number="74" hits="0"/><line number="75" hits="0"/><line number="76" hits="0"/><line number="77" hits="0"/><line number="78" hits="0"/><line number="80" hits="0"/><line number="81" hits="0"/><line number="83" hits="0"/><line number="84" hits="0"/><line number="85" hits="0"/><line number="90" hits="0"/><line number="91" hits="0"/><line number="94" hits="0"/><line number="95" hits="0"/><line number="99" hits="0"/><line number="100" hits="0"/><line number="101" hits="0"/><line number="102" hits="0"/><line number="104" hits="0"/><line number="106" hits="0"/><line number="107" hits="0"/><line number="111" hits="0"/><line number="113" hits="0"/><line number="114" hits="0"/><line number="115" hits="0"/><line number="117" hits="0"/><line number="118" hits="0"/><line number="119" hits="0"/><line number="120" hits="0"/><line number="121" hits="0"/><line number="122" hits="0"/><line number="123" hits="0"/><line number="124" hits="0"/><line number="125" hits="0"/><line number="131" hits="0"/><line number="132" hits="0"/><line number="137" hits="0"/><line number="138" hits="0"/><line number="141" hits="0"/><line number="142" hits="0"/><line number="143" hits="0"/><line number="144" hits="0"/><line number="145" hits="0"/><line number="148" hits="0"/><line number="153" hits="0"/><line number="156" hits="0"/><line number="157" hits="0"/><line number="162" hits="0"/><line number="163" hits="0"/></lines></class><class name="binary_arithmetic" filename="src/encoding/binary_arithmetic.rs" line-rate="0.8829787234042553" branch-rate="0" complexity="0"><methods/><lines><line number="14" hits="4805"/><line number="15" hits="4805"/><line number="16" hits="32851"/><line number="18" hits="4805"/><line number="19" hits="4805"/><line number="20" hits="4805"/><line number="21" hits="4805"/><line number="25" hits="0"/><line number="26" hits="0"/><line number="27" hits="0"/><line number="28" hits="0"/><line number="29" hits="0"/><line number="30" hits="0"/><line number="34" hits="0"/><line number="35" hits="0"/><line number="36" hits="0"/><line number="37" hits="0"/><line number="38" hits="0"/><line number="41" hits="0"/><line number="45" hits="16833"/><line number="46" hits="16833"/><line number="47" hits="0"/><line number="49" hits="16833"/><line number="51" hits="162745"/><line number="52" hits="72956"/><line number="54" hits="33666"/><line number="55" hits="33666"/><line number="56" hits="16833"/><line number="59" hits="9619"/><line number="60" hits="9619"/><line number="62" hits="9619"/><line number="63" hits="113779"/><line number="64" hits="52080"/><line number="66" hits="9619"/><line number="69" hits="4803"/><line number="71" hits="4803"/><line number="72" hits="4803"/><line number="74" hits="0"/><line number="77" hits="4803"/><line number="79" hits="33598"/><line number="81" hits="28795"/><line number="82" hits="12885"/><line number="83" hits="51352"/><line number="84" hits="38467"/><line number="85" hits="23520"/><line number="88" hits="12885"/><line number="92" hits="4896"/><line number="93" hits="93"/><line number="94" hits="93"/><line number="98" hits="4803"/><line number="101" hits="2401"/><line number="108" hits="7203"/><line number="110" hits="2401"/><line number="111" hits="2401"/><line number="113" hits="2401"/><line number="114" hits="19244"/><line number="117" hits="2401"/><line number="118" hits="17963"/><line number="120" hits="2401"/><line number="123" hits="2401"/><line number="124" hits="2401"/><line number="125" hits="2401"/><line number="126" hits="2401"/><line number="127" hits="2401"/><line number="130" hits="2401"/><line number="131" hits="2401"/><line number="132" hits="2401"/><line number="133" hits="2401"/><line number="134" hits="2401"/><line number="137" hits="2401"/><line number="138" hits="2401"/><line number="139" hits="2401"/><line number="140" hits="2401"/><line number="141" hits="2401"/><line number="144" hits="2401"/><line number="145" hits="2401"/><line number="146" hits="2401"/><line number="147" hits="2401"/><line number="148" hits="2401"/><line number="153" hits="2401"/><line number="154" hits="2401"/><line number="156" hits="2401"/><line number="157" hits="2401"/><line number="159" hits="2401"/><line number="160" hits="2401"/><line number="161" hits="2401"/><line number="162" hits="2401"/><line number="163" hits="2401"/><line number="167" hits="14442"/><line number="169" hits="19705"/><line number="171" hits="7664"/><line number="172" hits="7664"/><line number="173" hits="7664"/><line number="174" hits="7664"/><line number="175" hits="7664"/><line number="176" hits="7664"/><line number="179" hits="7664"/><line number="180" hits="7664"/><line number="181" hits="7664"/><line number="182" hits="7664"/><line number="183" hits="7664"/><line number="184" hits="7664"/><line number="187" hits="7664"/><line number="188" hits="7664"/><line number="189" hits="7664"/><line number="190" hits="7664"/><line number="191" hits="7664"/><line number="192" hits="7664"/><line number="195" hits="7664"/><line number="196" hits="7664"/><line number="197" hits="7664"/><line number="198" hits="7664"/><line number="199" hits="7664"/><line number="200" hits="7664"/><line number="203" hits="7664"/><line number="204" hits="7664"/><line number="205" hits="7664"/><line number="206" hits="7664"/><line number="207" hits="7664"/><line number="208" hits="7664"/><line number="211" hits="7664"/><line number="212" hits="7664"/><line number="213" hits="7664"/><line number="214" hits="7664"/><line number="215" hits="7664"/><line number="216" hits="7664"/><line number="219" hits="7664"/><line number="220" hits="7664"/><line number="221" hits="7664"/><line number="222" hits="7664"/><line number="223" hits="7664"/><line number="224" hits="7664"/><line number="227" hits="7664"/><line number="228" hits="7664"/><line number="229" hits="7664"/><line number="230" hits="7664"/><line number="231" hits="7664"/><line number="232" hits="7664"/><line number="237" hits="7664"/><line number="238" hits="7664"/><line number="239" hits="7664"/><line number="240" hits="7664"/><line number="241" hits="7664"/><line number="244" hits="7664"/><line number="245" hits="7664"/><line number="246" hits="7664"/><line number="247" hits="7664"/><line number="248" hits="7664"/><line number="251" hits="7664"/><line number="252" hits="7664"/><line number="253" hits="7664"/><line number="254" hits="7664"/><line number="255" hits="7664"/><line number="259" hits="7664"/><line number="260" hits="7664"/><line number="261" hits="7664"/><line number="262" hits="7664"/><line number="263" hits="7664"/><line number="266" hits="7664"/><line number="267" hits="7664"/><line number="268" hits="7664"/><line number="269" hits="7664"/><line number="270" hits="7664"/><line number="273" hits="7664"/><line number="274" hits="7664"/><line number="275" hits="7664"/><line number="276" hits="7664"/><line number="277" hits="7664"/><line number="280" hits="15137"/><line number="282" hits="3096"/><line number="283" hits="3096"/><line number="284" hits="3096"/><line number="285" hits="3096"/><line number="286" hits="3096"/><line number="289" hits="3096"/><line number="290" hits="3096"/><line number="291" hits="3096"/><line number="292" hits="3096"/><line number="293" hits="3096"/><line number="296" hits="3096"/><line number="297" hits="3096"/><line number="298" hits="3096"/><line number="299" hits="3096"/><line number="300" hits="3096"/><line number="303" hits="3096"/><line number="304" hits="3096"/><line number="305" hits="3096"/><line number="306" hits="3096"/><line number="307" hits="3096"/><line number="311" hits="3096"/><line number="312" hits="3096"/><line number="314" hits="3096"/><line number="315" hits="3096"/><line number="317" hits="3096"/><line number="318" hits="3096"/><line number="319" hits="3096"/><line number="320" hits="3096"/><line number="321" hits="3096"/><line number="327" hits="1281"/><line number="330" hits="2401"/><line number="332" hits="2401"/><line number="333" hits="1120"/><line number="334" hits="1120"/><line number="338" hits="2401"/><line number="339" hits="2401"/><line number="340" hits="2401"/><line number="341" hits="2401"/><line number="342" hits="2401"/><line number="344" hits="2401"/><line number="349" hits="4803"/><line number="350" hits="4803"/><line number="351" hits="9606"/><line number="352" hits="4803"/><line number="354" hits="28035"/><line number="355" hits="46461"/><line number="356" hits="13036"/><line number="357" hits="13036"/><line number="360" hits="10196"/><line number="361" hits="10196"/><line number="365" hits="4803"/><line number="369" hits="4"/><line number="370" hits="4"/><line number="371" hits="8"/><line number="372" hits="4"/><line number="374" hits="25"/><line number="375" hits="48"/><line number="376" hits="10"/><line number="378" hits="11"/><line number="381" hits="4"/><line number="384" hits="0"/><line number="385" hits="0"/><line number="386" hits="0"/><line number="387" hits="0"/><line number="388" hits="0"/><line number="389" hits="0"/><line number="393" hits="0"/><line number="396" hits="0"/><line number="397" hits="0"/><line number="400" hits="1"/><line number="406" hits="1"/><line number="408" hits="1"/><line number="411" hits="5"/><line number="414" hits="4"/><line number="415" hits="5"/><line number="416" hits="1"/><line number="420" hits="4"/><line number="423" hits="18"/><line number="424" hits="15"/><line number="425" hits="49"/><line number="426" hits="34"/><line number="427" hits="0"/><line number="430" hits="34"/><line number="431" hits="34"/><line number="433" hits="19"/><line number="434" hits="19"/><line number="436" hits="4"/><line number="437" hits="4"/><line number="438" hits="15"/><line number="439" hits="3"/><line number="440" hits="3"/><line number="444" hits="15"/><line number="445" hits="7"/><line number="448" hits="8"/><line number="449" hits="31"/><line number="450" hits="23"/><line number="451" hits="10"/><line number="453" hits="13"/><line number="456" hits="8"/><line number="457" hits="5"/><line number="459" hits="3"/><line number="462" hits="8"/><line number="465" hits="8"/><line number="469" hits="1"/><line number="472" hits="0"/><line number="473" hits="0"/><line number="474" hits="0"/><line number="475" hits="0"/><line number="476" hits="0"/><line number="477" hits="0"/><line number="479" hits="0"/><line number="480" hits="0"/><line number="481" hits="0"/></lines></class><class name="binmerge_native" filename="src/encoding/binmerge_native.rs" line-rate="0" branch-rate="0" complexity="0"><methods/><lines><line number="19" hits="0"/><line number="20" hits="0"/><line number="21" hits="0"/><line number="22" hits="0"/><line number="23" hits="0"/><line number="24" hits="0"/><line number="25" hits="0"/><line number="32" hits="0"/><line number="39" hits="0"/><line number="40" hits="0"/><line number="42" hits="0"/><line number="43" hits="0"/><line number="44" hits="0"/><line number="47" hits="0"/><line number="48" hits="0"/><line number="49" hits="0"/><line number="50" hits="0"/><line number="51" hits="0"/><line number="52" hits="0"/><line number="54" hits="0"/><line number="55" hits="0"/><line number="56" hits="0"/><line number="58" hits="0"/><line number="59" hits="0"/><line number="60" hits="0"/><line number="63" hits="0"/><line number="64" hits="0"/><line number="65" hits="0"/><line number="67" hits="0"/><line number="69" hits="0"/><line number="70" hits="0"/><line number="72" hits="0"/><line number="74" hits="0"/><line number="76" hits="0"/><line number="77" hits="0"/><line number="78" hits="0"/><line number="79" hits="0"/><line number="82" hits="0"/><line number="83" hits="0"/><line number="84" hits="0"/><line number="85" hits="0"/><line number="87" hits="0"/><line number="90" hits="0"/><line number="91" hits="0"/><line number="92" hits="0"/><line number="93" hits="0"/><line number="94" hits="0"/><line number="95" hits="0"/><line number="96" hits="0"/><line number="98" hits="0"/><line number="104" hits="0"/><line number="106" hits="0"/><line number="109" hits="0"/><line number="110" hits="0"/><line number="111" hits="0"/><line number="114" hits="0"/><line number="116" hits="0"/><line number="124" hits="0"/><line number="125" hits="0"/><line number="126" hits="0"/><line number="127" hits="0"/><line number="128" hits="0"/><line number="131" hits="0"/><line number="132" hits="0"/><line number="134" hits="0"/><line number="135" hits="0"/><line number="138" hits="0"/><line number="139" hits="0"/><line number="142" hits="0"/><line number="143" hits="0"/><line number="146" hits="0"/><line number="148" hits="0"/><line number="149" hits="0"/><line number="151" hits="0"/><line number="153" hits="0"/><line number="154" hits="0"/><line number="155" hits="0"/><line number="158" hits="0"/><line number="159" hits="0"/><line number="161" hits="0"/><line number="162" hits="0"/><line number="165" hits="0"/><line number="166" hits="0"/><line number="168" hits="0"/><line number="169" hits="0"/><line number="172" hits="0"/><line number="173" hits="0"/><line number="174" hits="0"/><line number="176" hits="0"/><line number="177" hits="0"/><line number="178" hits="0"/><line number="179" hits="0"/><line number="180" hits="0"/><line number="184" hits="0"/><line number="185" hits="0"/><line number="186" hits="0"/><line number="187" hits="0"/><line number="192" hits="0"/><line number="195" hits="0"/><line number="196" hits="0"/><line number="197" hits="0"/><line number="198" hits="0"/><line number="209" hits="0"/><line number="212" hits="0"/><line number="246" hits="0"/><line number="249" hits="0"/><line number="250" hits="0"/><line number="255" hits="0"/><line number="256" hits="0"/></lines></class><class name="cardinality_networks" filename="src/encoding/cardinality_networks.rs" line-rate="0.8522167487684729" branch-rate="0" complexity="0"><methods/><lines><line number="5" hits="135"/><line number="10" hits="135"/><line number="12" hits="135"/><line number="14" hits="0"/><line number="16" hits="135"/><line number="17" hits="855"/><line number="18" hits="720"/><line number="19" hits="3180"/><line number="20" hits="2460"/><line number="21" hits="2460"/><line number="22" hits="4200"/><line number="23" hits="1740"/><line number="24" hits="1740"/><line number="25" hits="1740"/><line number="26" hits="1740"/><line number="27" hits="1740"/><line number="31" hits="1740"/><line number="32" hits="1740"/><line number="35" hits="720"/><line number="36" hits="720"/><line number="38" hits="720"/><line number="39" hits="720"/><line number="43" hits="4524"/><line number="44" hits="2064"/><line number="45" hits="2064"/><line number="46" hits="2064"/><line number="47" hits="2064"/><line number="48" hits="2064"/><line number="51" hits="2064"/><line number="52" hits="2064"/><line number="55" hits="396"/><line number="56" hits="396"/><line number="61" hits="720"/><line number="63" hits="135"/><line number="64" hits="126"/><line number="66" hits="126"/><line number="67" hits="126"/><line number="69" hits="126"/><line number="71" hits="135"/><line number="74" hits="277"/><line number="79" hits="277"/><line number="80" hits="277"/><line number="81" hits="37"/><line number="82" hits="240"/><line number="83" hits="124"/><line number="86" hits="116"/><line number="87" hits="116"/><line number="90" hits="784"/><line number="91" hits="475"/><line number="93" hits="116"/><line number="96" hits="784"/><line number="97" hits="541"/><line number="100" hits="116"/><line number="101" hits="116"/><line number="103" hits="116"/><line number="104" hits="116"/><line number="106" hits="116"/><line number="107" hits="116"/><line number="108" hits="116"/><line number="110" hits="116"/><line number="113" hits="400"/><line number="119" hits="400"/><line number="120" hits="400"/><line number="121" hits="29"/><line number="122" hits="9"/><line number="123" hits="9"/><line number="126" hits="20"/><line number="127" hits="380"/><line number="128" hits="28"/><line number="129" hits="9"/><line number="130" hits="9"/><line number="133" hits="19"/><line number="135" hits="361"/><line number="136" hits="361"/><line number="137" hits="4167"/><line number="138" hits="3806"/><line number="141" hits="4167"/><line number="142" hits="3806"/><line number="143" hits="2926"/><line number="144" hits="2926"/><line number="147" hits="3806"/><line number="148" hits="2926"/><line number="149" hits="2926"/><line number="154" hits="3116"/><line number="155" hits="30585"/><line number="156" hits="13915"/><line number="157" hits="13915"/><line number="158" hits="13915"/><line number="159" hits="13915"/><line number="160" hits="13915"/><line number="163" hits="13915"/><line number="164" hits="13915"/><line number="165" hits="13915"/><line number="166" hits="13915"/><line number="167" hits="13915"/><line number="173" hits="677"/><line number="174" hits="316"/><line number="175" hits="316"/><line number="177" hits="316"/><line number="180" hits="361"/><line number="183" hits="8664"/><line number="189" hits="17328"/><line number="190" hits="8664"/><line number="191" hits="13124"/><line number="192" hits="2812"/><line number="193" hits="2812"/><line number="194" hits="2812"/><line number="196" hits="2812"/><line number="197" hits="2812"/><line number="199" hits="2812"/><line number="200" hits="2812"/><line number="202" hits="2848"/><line number="203" hits="36"/><line number="204" hits="36"/><line number="207" hits="2812"/><line number="208" hits="5852"/><line number="209" hits="945"/><line number="210" hits="9"/><line number="211" hits="9"/><line number="213" hits="9"/><line number="215" hits="936"/><line number="217" hits="4907"/><line number="218" hits="895"/><line number="219" hits="9"/><line number="220" hits="9"/><line number="222" hits="9"/><line number="224" hits="886"/><line number="228" hits="4012"/><line number="231" hits="21567"/><line number="232" hits="15747"/><line number="234" hits="4012"/><line number="237" hits="21567"/><line number="238" hits="13844"/><line number="240" hits="4012"/><line number="243" hits="21640"/><line number="244" hits="15767"/><line number="246" hits="4012"/><line number="249" hits="21640"/><line number="250" hits="13897"/><line number="253" hits="4012"/><line number="254" hits="4012"/><line number="255" hits="4012"/><line number="256" hits="4012"/><line number="258" hits="4012"/><line number="259" hits="4012"/><line number="261" hits="4012"/><line number="262" hits="4012"/><line number="264" hits="4012"/><line number="265" hits="22880"/><line number="266" hits="40261"/><line number="267" hits="17530"/><line number="268" hits="26290"/><line number="271" hits="8760"/><line number="272" hits="8760"/><line number="273" hits="8760"/><line number="274" hits="8760"/><line number="275" hits="8760"/><line number="278" hits="8760"/><line number="282" hits="8770"/><line number="283" hits="8770"/><line number="285" hits="8770"/><line number="286" hits="8770"/><line number="289" hits="17530"/><line number="290" hits="5201"/><line number="291" hits="540"/><line number="292" hits="540"/><line number="293" hits="5459"/><line number="294" hits="798"/><line number="295" hits="798"/><line number="297" hits="3323"/><line number="301" hits="4701"/><line number="302" hits="689"/><line number="303" hits="689"/><line number="306" hits="4012"/><line number="309" hits="0"/><line number="313" hits="0"/><line number="315" hits="0"/><line number="317" hits="0"/><line number="318" hits="0"/><line number="319" hits="0"/><line number="320" hits="0"/><line number="322" hits="0"/><line number="325" hits="0"/><line number="326" hits="0"/><line number="327" hits="0"/><line number="331" hits="0"/><line number="334" hits="0"/><line number="338" hits="0"/><line number="340" hits="0"/><line number="342" hits="0"/><line number="343" hits="0"/><line number="344" hits="0"/><line number="345" hits="0"/><line number="346" hits="0"/><line number="349" hits="0"/><line number="350" hits="0"/><line number="353" hits="0"/><line number="356" hits="0"/><line number="357" hits="0"/><line number="358" hits="0"/><line number="361" hits="0"/><line number="362" hits="0"/><line number="366" hits="0"/></lines></class><class name="encoder" filename="src/encoding/encoder.rs" line-rate="0.8571428571428571" branch-rate="0" complexity="0"><methods/><lines><line number="38" hits="3293"/><line number="39" hits="3293"/><line number="40" hits="3293"/><line number="43" hits="96034"/><line number="44" hits="96034"/><line number="47" hits="980"/><line number="48" hits="980"/><line number="50" hits="0"/><line number="51" hits="0"/><line number="62" hits="22375"/><line number="63" hits="22375"/><line number="64" hits="22375"/><line number="65" hits="22375"/><line number="68" hits="269662"/><line number="69" hits="269662"/><line number="70" hits="269662"/><line number="71" hits="269662"/><line number="74" hits="18957"/><line number="75" hits="18957"/><line number="76" hits="18957"/><line number="79" hits="5787"/><line number="80" hits="5787"/><line number="83" hits="5787"/><line number="84" hits="5787"/><line number="87" hits="5787"/><line number="88" hits="5787"/><line number="97" hits="0"/><line number="98" hits="0"/></lines></class><class name="pb_bdd_inter" filename="src/encoding/pb_bdd_inter.rs" line-rate="0" branch-rate="0" complexity="0"><methods/><lines><line number="20" hits="0"/><line number="21" hits="0"/><line number="22" hits="0"/><line number="23" hits="0"/><line number="24" hits="0"/><line number="28" hits="0"/><line number="29" hits="0"/><line number="30" hits="0"/><line number="31" hits="0"/><line number="32" hits="0"/><line number="37" hits="0"/><line number="43" hits="0"/><line number="44" hits="0"/><line number="45" hits="0"/><line number="46" hits="0"/><line number="48" hits="0"/><line number="49" hits="0"/><line number="50" hits="0"/><line number="51" hits="0"/><line number="53" hits="0"/><line number="56" hits="0"/><line number="61" hits="0"/><line number="68" hits="0"/><line number="69" hits="0"/><line number="70" hits="0"/><line number="73" hits="0"/><line number="74" hits="0"/><line number="75" hits="0"/><line number="76" hits="0"/><line number="77" hits="0"/><line number="78" hits="0"/><line number="79" hits="0"/><line number="81" hits="0"/><line number="82" hits="0"/><line number="83" hits="0"/><line number="86" hits="0"/><line number="87" hits="0"/><line number="91" hits="0"/><line number="92" hits="0"/><line number="93" hits="0"/><line number="94" hits="0"/><line number="96" hits="0"/><line number="97" hits="0"/><line number="99" hits="0"/><line number="100" hits="0"/><line number="102" hits="0"/><line number="103" hits="0"/><line number="104" hits="0"/><line number="109" hits="0"/><line number="110" hits="0"/><line number="113" hits="0"/><line number="114" hits="0"/><line number="118" hits="0"/><line number="119" hits="0"/><line number="120" hits="0"/><line number="121" hits="0"/><line number="123" hits="0"/><line number="124" hits="0"/><line number="127" hits="0"/><line number="128" hits="0"/><line number="132" hits="0"/><line number="134" hits="0"/><line number="135" hits="0"/><line number="136" hits="0"/><line number="138" hits="0"/><line number="139" hits="0"/><line number="142" hits="0"/><line number="143" hits="0"/><line number="144" hits="0"/><line number="145" hits="0"/><line number="146" hits="0"/><line number="147" hits="0"/><line number="148" hits="0"/><line number="154" hits="0"/><line number="155" hits="0"/><line number="160" hits="0"/><line number="161" hits="0"/><line number="164" hits="0"/><line number="165" hits="0"/><line number="166" hits="0"/><line number="167" hits="0"/><line number="168" hits="0"/><line number="171" hits="0"/><line number="176" hits="0"/><line number="179" hits="0"/><line number="180" hits="0"/><line number="185" hits="0"/><line number="186" hits="0"/></lines></class><class name="pb_bdd_inter_better" filename="src/encoding/pb_bdd_inter_better.rs" line-rate="0" branch-rate="0" complexity="0"><methods/><lines><line number="20" hits="0"/><line number="21" hits="0"/><line number="22" hits="0"/><line number="23" hits="0"/><line number="24" hits="0"/><line number="29" hits="0"/><line number="37" hits="0"/><line number="38" hits="0"/><line number="39" hits="0"/><line number="40" hits="0"/><line number="42" hits="0"/><line number="46" hits="0"/><line number="48" hits="0"/><line number="49" hits="0"/><line number="50" hits="0"/><line number="51" hits="0"/><line number="53" hits="0"/><line number="55" hits="0"/><line number="56" hits="0"/><line number="57" hits="0"/><line number="58" hits="0"/><line number="60" hits="0"/><line number="61" hits="0"/><line number="63" hits="0"/><line number="65" hits="0"/><line number="66" hits="0"/><line number="72" hits="0"/><line number="77" hits="0"/><line number="84" hits="0"/><line number="85" hits="0"/><line number="86" hits="0"/><line number="89" hits="0"/><line number="90" hits="0"/><line number="91" hits="0"/><line number="92" hits="0"/><line number="93" hits="0"/><line number="94" hits="0"/><line number="95" hits="0"/><line number="97" hits="0"/><line number="98" hits="0"/><line number="99" hits="0"/><line number="102" hits="0"/><line number="103" hits="0"/><line number="107" hits="0"/><line number="108" hits="0"/><line number="109" hits="0"/><line number="110" hits="0"/><line number="112" hits="0"/><line number="113" hits="0"/><line number="115" hits="0"/><line number="116" hits="0"/><line number="118" hits="0"/><line number="119" hits="0"/><line number="120" hits="0"/><line number="125" hits="0"/><line number="126" hits="0"/><line number="129" hits="0"/><line number="130" hits="0"/><line number="134" hits="0"/><line number="135" hits="0"/><line number="136" hits="0"/><line number="137" hits="0"/><line number="139" hits="0"/><line number="140" hits="0"/><line number="143" hits="0"/><line number="144" hits="0"/><line number="148" hits="0"/><line number="150" hits="0"/><line number="151" hits="0"/><line number="152" hits="0"/><line number="154" hits="0"/><line number="155" hits="0"/><line number="156" hits="0"/><line number="157" hits="0"/><line number="158" hits="0"/><line number="159" hits="0"/><line number="160" hits="0"/><line number="161" hits="0"/><line number="162" hits="0"/><line number="168" hits="0"/><line number="169" hits="0"/><line number="174" hits="0"/><line number="175" hits="0"/><line number="178" hits="0"/><line number="179" hits="0"/><line number="180" hits="0"/><line number="181" hits="0"/><line number="182" hits="0"/><line number="185" hits="0"/><line number="190" hits="0"/><line number="193" hits="0"/><line number="194" hits="0"/><line number="199" hits="0"/><line number="200" hits="0"/></lines></class><class name="pb_bdd_native" filename="src/encoding/pb_bdd_native.rs" line-rate="0" branch-rate="0" complexity="0"><methods/><lines><line number="19" hits="0"/><line number="20" hits="0"/><line number="21" hits="0"/><line number="22" hits="0"/><line number="28" hits="0"/><line number="35" hits="0"/><line number="36" hits="0"/><line number="39" hits="0"/><line number="40" hits="0"/><line number="41" hits="0"/><line number="42" hits="0"/><line number="43" hits="0"/><line number="44" hits="0"/><line number="45" hits="0"/><line number="47" hits="0"/><line number="48" hits="0"/><line number="49" hits="0"/><line number="52" hits="0"/><line number="53" hits="0"/><line number="57" hits="0"/><line number="58" hits="0"/><line number="59" hits="0"/><line number="60" hits="0"/><line number="62" hits="0"/><line number="63" hits="0"/><line number="65" hits="0"/><line number="66" hits="0"/><line number="68" hits="0"/><line number="69" hits="0"/><line number="75" hits="0"/><line number="78" hits="0"/><line number="79" hits="0"/><line number="80" hits="0"/><line number="82" hits="0"/><line number="83" hits="0"/><line number="87" hits="0"/><line number="88" hits="0"/><line number="91" hits="0"/><line number="92" hits="0"/><line number="93" hits="0"/><line number="94" hits="0"/><line number="95" hits="0"/><line number="98" hits="0"/><line number="103" hits="0"/><line number="106" hits="0"/><line number="107" hits="0"/><line number="112" hits="0"/><line number="113" hits="0"/></lines></class><class name="pb_bdd_pysat" filename="src/encoding/pb_bdd_pysat.rs" line-rate="0" branch-rate="0" complexity="0"><methods/><lines><line number="22" hits="0"/><line number="23" hits="0"/><line number="24" hits="0"/><line number="25" hits="0"/><line number="31" hits="0"/><line number="38" hits="0"/><line number="40" hits="0"/><line number="41" hits="0"/><line number="45" hits="0"/><line number="46" hits="0"/><line number="48" hits="0"/><line number="49" hits="0"/><line number="50" hits="0"/><line number="51" hits="0"/><line number="52" hits="0"/><line number="53" hits="0"/><line number="54" hits="0"/><line number="56" hits="0"/><line number="58" hits="0"/><line number="59" hits="0"/><line number="60" hits="0"/><line number="61" hits="0"/><line number="62" hits="0"/><line number="63" hits="0"/><line number="64" hits="0"/><line number="65" hits="0"/><line number="66" hits="0"/><line number="68" hits="0"/><line number="69" hits="0"/><line number="70" hits="0"/><line number="71" hits="0"/><line number="72" hits="0"/><line number="74" hits="0"/><line number="77" hits="0"/><line number="78" hits="0"/><line number="80" hits="0"/><line number="81" hits="0"/><line number="82" hits="0"/><line number="84" hits="0"/><line number="85" hits="0"/><line number="86" hits="0"/><line number="87" hits="0"/><line number="88" hits="0"/><line number="91" hits="0"/><line number="92" hits="0"/><line number="94" hits="0"/><line number="95" hits="0"/><line number="97" hits="0"/><line number="98" hits="0"/><line number="99" hits="0"/><line number="100" hits="0"/><line number="103" hits="0"/><line number="104" hits="0"/><line number="105" hits="0"/><line number="106" hits="0"/><line number="107" hits="0"/><line number="108" hits="0"/><line number="109" hits="0"/><line number="110" hits="0"/><line number="111" hits="0"/><line number="113" hits="0"/><line number="114" hits="0"/><line number="115" hits="0"/><line number="116" hits="0"/><line number="120" hits="0"/><line number="122" hits="0"/><line number="123" hits="0"/><line number="124" hits="0"/><line number="127" hits="0"/><line number="128" hits="0"/><line number="129" hits="0"/><line number="130" hits="0"/><line number="140" hits="0"/><line number="143" hits="0"/><line number="148" hits="0"/><line number="151" hits="0"/><line number="152" hits="0"/><line number="157" hits="0"/><line number="158" hits="0"/></lines></class><class name="random_encoder" filename="src/encoding/random_encoder.rs" line-rate="0" branch-rate="0" complexity="0"><methods/><lines><line number="23" hits="0"/><line number="31" hits="0"/><line number="32" hits="0"/><line number="34" hits="0"/><line number="36" hits="0"/><line number="37" hits="0"/><line number="38" hits="0"/><line number="42" hits="0"/><line number="44" hits="0"/><line number="45" hits="0"/><line number="47" hits="0"/><line number="48" hits="0"/><line number="49" hits="0"/><line number="50" hits="0"/><line number="52" hits="0"/><line number="53" hits="0"/><line number="54" hits="0"/><line number="56" hits="0"/><line number="57" hits="0"/><line number="60" hits="0"/><line number="61" hits="0"/><line number="62" hits="0"/><line number="65" hits="0"/><line number="66" hits="0"/><line number="67" hits="0"/><line number="70" hits="0"/><line number="71" hits="0"/><line number="74" hits="0"/><line number="79" hits="0"/><line number="82" hits="0"/><line number="83" hits="0"/></lines></class></classes></package><package name="src/encoding/problem_encoding" line-rate="0" branch-rate="0" complexity="0"><classes><class name="one_hot_encoding" filename="src/encoding/problem_encoding/one_hot_encoding.rs" line-rate="0" branch-rate="0" complexity="0"><methods/><lines><line number="28" hits="0"/><line number="29" hits="0"/><line number="31" hits="0"/><line number="32" hits="0"/><line number="33" hits="0"/><line number="34" hits="0"/><line number="38" hits="0"/><line number="39" hits="0"/><line number="40" hits="0"/><line number="42" hits="0"/><line number="43" hits="0"/><line number="44" hits="0"/><line number="45" hits="0"/><line number="46" hits="0"/><line number="47" hits="0"/><line number="49" hits="0"/><line number="52" hits="0"/><line number="53" hits="0"/><line number="54" hits="0"/><line number="55" hits="0"/><line number="56" hits="0"/><line number="57" hits="0"/><line number="60" hits="0"/><line number="61" hits="0"/><line number="62" hits="0"/><line number="63" hits="0"/><line number="64" hits="0"/><line number="65" hits="0"/><line number="67" hits="0"/><line number="69" hits="0"/><line number="70" hits="0"/><line number="73" hits="0"/><line number="74" hits="0"/><line number="75" hits="0"/><line number="76" hits="0"/><line number="77" hits="0"/><line number="78" hits="0"/><line number="82" hits="0"/><line number="83" hits="0"/><line number="84" hits="0"/><line number="85" hits="0"/><line number="87" hits="0"/><line number="91" hits="0"/><line number="93" hits="0"/><line number="95" hits="0"/><line number="96" hits="0"/><line number="97" hits="0"/><line number="101" hits="0"/><line number="102" hits="0"/></lines></class></classes></package><package name="src/precedence_relations" line-rate="0" branch-rate="0" complexity="0"><classes><class name="size_replacement" filename="src/precedence_relations/size_replacement.rs" line-rate="0" branch-rate="0" complexity="0"><methods/><lines><line number="7" hits="0"/><line number="11" hits="0"/><line number="12" hits="0"/><line number="13" hits="0"/><line number="14" hits="0"/><line number="15" hits="0"/><line number="17" hits="0"/><line number="18" hits="0"/><line number="19" hits="0"/><line number="23" hits="0"/></lines></class><class name="two_size_replacement" filename="src/precedence_relations/two_size_replacement.rs" line-rate="0" branch-rate="0" complexity="0"><methods/><lines><line number="9" hits="0"/><line number="13" hits="0"/><line number="15" hits="0"/><line number="16" hits="0"/><line number="17" hits="0"/><line number="18" hits="0"/><line number="19" hits="0"/><line number="20" hits="0"/><line number="22" hits="0"/><line number="23" hits="0"/><line number="24" hits="0"/><line number="26" hits="0"/><line number="27" hits="0"/><line number="28" hits="0"/><line number="29" hits="0"/><line number="36" hits="0"/></lines></class></classes></package><package name="src/_failed_ideas" line-rate="0" branch-rate="0" complexity="0"><classes></classes></package><package name="src/input_output" line-rate="0.425" branch-rate="0" complexity="0"><classes><class name="from_file" filename="src/input_output/from_file.rs" line-rate="0" branch-rate="0" complexity="0"><methods/><lines><line number="5" hits="0"/><line number="6" hits="0"/><line number="7" hits="0"/><line number="8" hits="0"/><line number="9" hits="0"/><line number="10" hits="0"/><line number="11" hits="0"/><line number="13" hits="0"/><line number="14" hits="0"/><line number="15" hits="0"/><line number="17" hits="0"/><line number="19" hits="0"/><line number="22" hits="0"/></lines></class><class name="to_dimacs" filename="src/input_output/to_dimacs.rs" line-rate="0.6296296296296297" branch-rate="0" complexity="0"><methods/><lines><line number="5" hits="0"/><line number="11" hits="0"/><line number="12" hits="0"/><line number="13" hits="0"/><line number="15" hits="0"/><line number="16" hits="0"/><line number="17" hits="0"/><line number="20" hits="5787"/><line number="25" hits="5787"/><line number="26" hits="5787"/><line number="27" hits="5787"/><line number="28" hits="5787"/><line number="29" hits="5787"/><line number="30" hits="5787"/><line number="31" hits="5787"/><line number="32" hits="5787"/><line number="34" hits="5787"/><line number="37" hits="5787"/><line number="38" hits="1714813"/><line number="39" hits="1709026"/><line number="40" hits="1709026"/><line number="41" hits="1709026"/><line number="43" hits="1709026"/><line number="44" hits="0"/><line number="45" hits="0"/><line number="47" hits="0"/><line number="50" hits="5787"/></lines></class></classes></package><package name="src/problem_instance" line-rate="0" branch-rate="0" complexity="0"><classes><class name="partial_solution" filename="src/problem_instance/partial_solution.rs" line-rate="0" branch-rate="0" complexity="0"><methods/><lines><line number="12" hits="0"/><line number="13" hits="0"/><line number="15" hits="0"/><line number="17" hits="0"/><line number="18" hits="0"/><line number="19" hits="0"/><line number="20" hits="0"/><line number="24" hits="0"/><line number="26" hits="0"/><line number="27" hits="0"/><line number="28" hits="0"/><line number="29" hits="0"/></lines></class><class name="problem_instance" filename="src/problem_instance/problem_instance.rs" line-rate="0" branch-rate="0" complexity="0"><methods/><lines><line number="14" hits="0"/><line number="15" hits="0"/><line number="16" hits="0"/><line number="17" hits="0"/><line number="18" hits="0"/><line number="20" hits="0"/><line number="21" hits="0"/><line number="31" hits="0"/><line number="32" hits="0"/><line number="33" hits="0"/><line number="34" hits="0"/><line number="37" hits="0"/><line number="38" hits="0"/><line number="39" hits="0"/></lines></class><class name="solution" filename="src/problem_instance/solution.rs" line-rate="0" branch-rate="0" complexity="0"><methods/><lines><line number="10" hits="0"/><line number="11" hits="0"/><line number="12" hits="0"/><line number="14" hits="0"/></lines></class></classes></package><package name="src/bdd/tests" line-rate="0" branch-rate="0" complexity="0"><classes></classes></package><package name="src/solvers/sat_solver" line-rate="0.20257234726688103" branch-rate="0" complexity="0"><classes><class name="kissat" filename="src/solvers/sat_solver/kissat.rs" line-rate="0.7974683544303798" branch-rate="0" complexity="0"><methods/><lines><line number="22" hits="6"/><line number="23" hits="6"/><line number="24" hits="6"/><line number="25" hits="6"/><line number="31" hits="5787"/><line number="32" hits="5787"/><line number="33" hits="0"/><line number="36" hits="5787"/><line number="37" hits="5787"/><line number="38" hits="5787"/><line number="39" hits="5787"/><line number="41" hits="5787"/><line number="42" hits="5787"/><line number="45" hits="5787"/><line number="46" hits="5787"/><line number="49" hits="5787"/><line number="50" hits="5787"/><line number="52" hits="5787"/><line number="53" hits="5787"/><line number="54" hits="5787"/><line number="55" hits="5787"/><line number="56" hits="5787"/><line number="59" hits="5787"/><line number="60" hits="5787"/><line number="61" hits="0"/><line number="63" hits="5787"/><line number="65" hits="5787"/><line number="66" hits="0"/><line number="67" hits="0"/><line number="68" hits="0"/><line number="69" hits="0"/><line number="72" hits="5787"/><line number="74" hits="5787"/><line number="75" hits="5787"/><line number="76" hits="5787"/><line number="77" hits="5787"/><line number="79" hits="5787"/><line number="80" hits="5787"/><line number="82" hits="5787"/><line number="83" hits="5787"/><line number="84" hits="5787"/><line number="85" hits="5787"/><line number="86" hits="5787"/><line number="88" hits="0"/><line number="89" hits="0"/><line number="90" hits="0"/><line number="91" hits="0"/><line number="93" hits="5787"/><line number="94" hits="5787"/><line number="96" hits="5787"/><line number="97" hits="5787"/><line number="98" hits="5787"/><line number="99" hits="5787"/><line number="100" hits="5787"/><line number="101" hits="5787"/><line number="102" hits="5787"/><line number="104" hits="5787"/><line number="105" hits="5787"/><line number="106" hits="11574"/><line number="107" hits="0"/><line number="110" hits="5787"/><line number="111" hits="5787"/><line number="112" hits="304811"/><line number="113" hits="299024"/><line number="114" hits="299024"/><line number="115" hits="269015"/><line number="116" hits="30009"/><line number="119" hits="5787"/><line number="120" hits="5787"/><line number="121" hits="5787"/><line number="124" hits="5787"/><line number="125" hits="2778"/><line number="126" hits="0"/><line number="128" hits="2778"/><line number="130" hits="3009"/><line number="134" hits="0"/><line number="135" hits="0"/><line number="138" hits="0"/><line number="139" hits="0"/></lines></class><class name="multi_sat_solver_manager" filename="src/solvers/sat_solver/multi_sat_solver_manager.rs" line-rate="0" branch-rate="0" complexity="0"><methods/><lines><line number="31" hits="0"/><line number="39" hits="0"/><line number="40" hits="0"/><line number="42" hits="0"/><line number="43" hits="0"/><line number="44" hits="0"/><line number="45" hits="0"/><line number="46" hits="0"/><line number="47" hits="0"/><line number="49" hits="0"/><line number="50" hits="0"/><line number="54" hits="0"/><line number="55" hits="0"/><line number="56" hits="0"/><line number="57" hits="0"/><line number="58" hits="0"/><line number="59" hits="0"/><line number="60" hits="0"/><line number="61" hits="0"/><line number="62" hits="0"/><line number="63" hits="0"/><line number="64" hits="0"/><line number="65" hits="0"/><line number="67" hits="0"/><line number="71" hits="0"/><line number="72" hits="0"/><line number="73" hits="0"/><line number="74" hits="0"/><line number="75" hits="0"/><line number="76" hits="0"/><line number="80" hits="0"/><line number="81" hits="0"/><line number="82" hits="0"/><line number="83" hits="0"/><line number="84" hits="0"/><line number="85" hits="0"/><line number="89" hits="0"/><line number="90" hits="0"/><line number="91" hits="0"/><line number="92" hits="0"/><line number="93" hits="0"/><line number="94" hits="0"/><line number="95" hits="0"/><line number="97" hits="0"/><line number="98" hits="0"/><line number="101" hits="0"/><line number="102" hits="0"/><line number="104" hits="0"/><line number="105" hits="0"/><line number="106" hits="0"/><line number="108" hits="0"/><line number="109" hits="0"/><line number="110" hits="0"/><line number="111" hits="0"/><line number="112" hits="0"/><line number="114" hits="0"/><line number="115" hits="0"/><line number="117" hits="0"/><line number="118" hits="0"/><line number="120" hits="0"/><line number="121" hits="0"/><line number="122" hits="0"/><line number="123" hits="0"/><line number="124" hits="0"/><line number="125" hits="0"/><line number="126" hits="0"/><line number="127" hits="0"/><line number="128" hits="0"/><line number="130" hits="0"/><line number="131" hits="0"/><line number="134" hits="0"/><line number="138" hits="0"/><line number="139" hits="0"/><line number="140" hits="0"/><line number="141" hits="0"/><line number="142" hits="0"/><line number="143" hits="0"/><line number="144" hits="0"/><line number="146" hits="0"/><line number="147" hits="0"/><line number="149" hits="0"/><line number="150" hits="0"/><line number="151" hits="0"/><line number="153" hits="0"/><line number="154" hits="0"/><line number="155" hits="0"/><line number="157" hits="0"/><line number="158" hits="0"/><line number="159" hits="0"/><line number="160" hits="0"/><line number="161" hits="0"/><line number="164" hits="0"/><line number="165" hits="0"/><line number="167" hits="0"/><line number="168" hits="0"/><line number="170" hits="0"/><line number="171" hits="0"/><line number="172" hits="0"/><line number="173" hits="0"/><line number="175" hits="0"/><line number="176" hits="0"/><line number="177" hits="0"/><line number="178" hits="0"/><line number="179" hits="0"/><line number="180" hits="0"/><line number="182" hits="0"/><line number="183" hits="0"/><line number="186" hits="0"/><line number="191" hits="0"/><line number="192" hits="0"/><line number="193" hits="0"/><line number="195" hits="0"/><line number="196" hits="0"/><line number="198" hits="0"/><line number="199" hits="0"/><line number="200" hits="0"/><line number="201" hits="0"/><line number="203" hits="0"/><line number="205" hits="0"/><line number="206" hits="0"/><line number="207" hits="0"/><line number="208" hits="0"/><line number="209" hits="0"/><line number="211" hits="0"/><line number="213" hits="0"/><line number="214" hits="0"/><line number="215" hits="0"/><line number="216" hits="0"/><line number="219" hits="0"/><line number="221" hits="0"/><line number="222" hits="0"/><line number="223" hits="0"/><line number="226" hits="0"/><line number="227" hits="0"/><line number="228" hits="0"/><line number="232" hits="0"/><line number="234" hits="0"/><line number="235" hits="0"/><line number="236" hits="0"/><line number="239" hits="0"/><line number="240" hits="0"/><line number="241" hits="0"/><line number="246" hits="0"/><line number="247" hits="0"/><line number="251" hits="0"/></lines></class><class name="sat_solver_manager" filename="src/solvers/sat_solver/sat_solver_manager.rs" line-rate="0" branch-rate="0" complexity="0"><methods/><lines><line number="26" hits="0"/><line number="31" hits="0"/><line number="32" hits="0"/><line number="33" hits="0"/><line number="34" hits="0"/><line number="35" hits="0"/><line number="39" hits="0"/><line number="47" hits="0"/><line number="48" hits="0"/><line number="49" hits="0"/><line number="51" hits="0"/><line number="52" hits="0"/><line number="53" hits="0"/><line number="54" hits="0"/><line number="55" hits="0"/><line number="56" hits="0"/><line number="58" hits="0"/><line number="59" hits="0"/><line number="60" hits="0"/><line number="61" hits="0"/><line number="62" hits="0"/><line number="63" hits="0"/><line number="65" hits="0"/><line number="66" hits="0"/><line number="70" hits="0"/><line number="71" hits="0"/><line number="72" hits="0"/><line number="73" hits="0"/><line number="74" hits="0"/><line number="75" hits="0"/><line number="76" hits="0"/><line number="77" hits="0"/><line number="78" hits="0"/><line number="79" hits="0"/><line number="80" hits="0"/><line number="81" hits="0"/><line number="83" hits="0"/><line number="85" hits="0"/><line number="86" hits="0"/><line number="87" hits="0"/><line number="88" hits="0"/><line number="89" hits="0"/><line number="92" hits="0"/><line number="93" hits="0"/><line number="95" hits="0"/><line number="96" hits="0"/><line number="97" hits="0"/><line number="98" hits="0"/><line number="101" hits="0"/><line number="102" hits="0"/><line number="104" hits="0"/><line number="107" hits="0"/><line number="108" hits="0"/><line number="111" hits="0"/><line number="113" hits="0"/><line number="114" hits="0"/><line number="115" hits="0"/><line number="116" hits="0"/><line number="118" hits="0"/><line number="122" hits="0"/><line number="124" hits="0"/><line number="125" hits="0"/><line number="127" hits="0"/><line number="128" hits="0"/><line number="129" hits="0"/><line number="132" hits="0"/><line number="133" hits="0"/><line number="136" hits="0"/><line number="137" hits="0"/><line number="138" hits="0"/><line number="139" hits="0"/><line number="140" hits="0"/><line number="142" hits="0"/><line number="143" hits="0"/><line number="144" hits="0"/><line number="145" hits="0"/><line number="147" hits="0"/><line number="148" hits="0"/><line number="149" hits="0"/><line number="152" hits="0"/><line number="153" hits="0"/><line number="155" hits="0"/><line number="156" hits="0"/><line number="158" hits="0"/><line number="162" hits="0"/><line number="163" hits="0"/><line number="167" hits="0"/></lines></class></classes></package><package name="src/_failed_ideas/encoders" line-rate="0" branch-rate="0" complexity="0"><classes></classes></package><package name="src/problem_simplification" line-rate="0" branch-rate="0" complexity="0"><classes><class name="fill_up_rule" filename="src/problem_simplification/fill_up_rule.rs" line-rate="0" branch-rate="0" complexity="0"><methods/><lines><line number="10" hits="0"/><line number="15" hits="0"/><line number="17" hits="0"/><line number="18" hits="0"/><line number="19" hits="0"/><line number="20" hits="0"/><line number="21" hits="0"/><line number="23" hits="0"/><line number="24" hits="0"/><line number="25" hits="0"/><line number="29" hits="0"/></lines></class><class name="final_simp_rule" filename="src/problem_simplification/final_simp_rule.rs" line-rate="0" branch-rate="0" complexity="0"><methods/><lines><line number="10" hits="0"/><line number="15" hits="0"/><line number="22" hits="0"/><line number="23" hits="0"/><line number="24" hits="0"/><line number="25" hits="0"/><line number="27" hits="0"/><line number="28" hits="0"/><line number="29" hits="0"/><line number="31" hits="0"/><line number="34" hits="0"/><line number="35" hits="0"/><line number="37" hits="0"/><line number="38" hits="0"/><line number="39" hits="0"/><line number="40" hits="0"/><line number="44" hits="0"/></lines></class><class name="half_size_rule" filename="src/problem_simplification/half_size_rule.rs" line-rate="0" branch-rate="0" complexity="0"><methods/><lines><line number="10" hits="0"/><line number="15" hits="0"/><line number="16" hits="0"/><line number="17" hits="0"/><line number="18" hits="0"/><line number="19" hits="0"/><line number="20" hits="0"/><line number="22" hits="0"/><line number="24" hits="0"/></lines></class></classes></package><package name="src/common" line-rate="0.24390243902439024" branch-rate="0" complexity="0"><classes><class name="common" filename="src/common/common.rs" line-rate="0" branch-rate="0" complexity="0"><methods/><lines><line number="3" hits="0"/><line number="4" hits="0"/><line number="6" hits="0"/><line number="7" hits="0"/><line number="8" hits="0"/><line number="9" hits="0"/><line number="10" hits="0"/><line number="11" hits="0"/><line number="12" hits="0"/><line number="13" hits="0"/><line number="16" hits="0"/><line number="24" hits="0"/><line number="25" hits="0"/><line number="26" hits="0"/><line number="27" hits="0"/><line number="29" hits="0"/></lines></class><class name="timeout" filename="src/common/timeout.rs" line-rate="0.4" branch-rate="0" complexity="0"><methods/><lines><line number="14" hits="5876"/><line number="15" hits="5876"/><line number="16" hits="5876"/><line number="17" hits="5876"/><line number="18" hits="5876"/><line number="22" hits="0"/><line number="23" hits="0"/><line number="24" hits="0"/><line number="25" hits="0"/><line number="26" hits="0"/><line number="30" hits="15905"/><line number="31" hits="15905"/><line number="32" hits="15905"/><line number="35" hits="5787"/><line number="36" hits="5787"/><line number="39" hits="0"/><line number="40" hits="0"/><line number="43" hits="0"/><line number="44" hits="0"/><line number="47" hits="0"/><line number="48" hits="0"/><line number="51" hits="0"/><line number="52" hits="0"/><line number="53" hits="0"/><line number="54" hits="0"/></lines></class></classes></package><package name="src/tests" line-rate="0" branch-rate="0" complexity="0"><classes></classes></package></packages></coverage>